[07-05-2024 11:51:44.120 INFO com.nopcommerce.user.Level_16_Log] - Register_01 - Step 01: Verify Register link is displayed
[07-05-2024 11:51:44.288 INFO com.nopcommerce.user.Level_16_Log] - --------------FAILED--------------
[07-05-2024 11:51:44.288 INFO com.nopcommerce.user.Level_16_Log] - Register_01 - Step 02: Click to Register link
[07-05-2024 11:51:45.366 INFO com.nopcommerce.user.Level_16_Log] - Register_01 - Step 03: Verify Register link is displayed
[07-05-2024 11:51:45.469 INFO com.nopcommerce.user.Level_16_Log] - --------------PASSED--------------
[07-05-2024 11:51:45.469 INFO com.nopcommerce.user.Level_16_Log] - Register_01 - Step 04: Enter to FirstName textbox is John
[07-05-2024 11:51:45.629 INFO com.nopcommerce.user.Level_16_Log] - Register_01 - Step 05: Enter to LastName textbox is Wick
[07-05-2024 11:51:45.766 INFO com.nopcommerce.user.Level_16_Log] - Register_01 - Step 06: Enter to Email textbox is john3276@gmail.com
[07-05-2024 11:51:45.842 INFO com.nopcommerce.user.Level_16_Log] - Register_01 - Step 07: Enter to Password textbox is 123123
[07-05-2024 11:51:45.887 INFO com.nopcommerce.user.Level_16_Log] - Register_01 - Step 08: Enter to Confirm Password textbox is 123123
[07-05-2024 11:51:45.934 INFO com.nopcommerce.user.Level_16_Log] - Register_01 - Step 09: Click to Register button
[07-05-2024 11:51:46.578 INFO com.nopcommerce.user.Level_16_Log] - Register_01 - Step 10: Verify Register Susscess Message is displayed
[07-05-2024 11:53:55.619 INFO com.nopcommerce.user.Level_16_Log] - Register_01 - Step 01: Verify Register link is displayed
[07-05-2024 11:53:55.679 INFO com.nopcommerce.user.Level_16_Log] - --------------FAILED--------------
[07-05-2024 11:53:55.680 INFO com.nopcommerce.user.Level_16_Log] - Register_01 - Step 02: Click to Register link
[07-05-2024 11:53:56.730 INFO com.nopcommerce.user.Level_16_Log] - Register_01 - Step 03: Verify Register link is displayed
[07-05-2024 11:53:56.826 INFO com.nopcommerce.user.Level_16_Log] - --------------PASSED--------------
[07-05-2024 11:53:56.826 INFO com.nopcommerce.user.Level_16_Log] - Register_01 - Step 04: Enter to FirstName textbox is John
[07-05-2024 11:53:56.936 INFO com.nopcommerce.user.Level_16_Log] - Register_01 - Step 05: Enter to LastName textbox is Wick
[07-05-2024 11:53:57.043 INFO com.nopcommerce.user.Level_16_Log] - Register_01 - Step 06: Enter to Email textbox is john889@gmail.com
[07-05-2024 11:53:57.100 INFO com.nopcommerce.user.Level_16_Log] - Register_01 - Step 07: Enter to Password textbox is 123123
[07-05-2024 11:53:57.150 INFO com.nopcommerce.user.Level_16_Log] - Register_01 - Step 08: Enter to Confirm Password textbox is 123123
[07-05-2024 11:53:57.195 INFO com.nopcommerce.user.Level_16_Log] - Register_01 - Step 09: Click to Register button
[07-05-2024 11:53:57.903 INFO com.nopcommerce.user.Level_16_Log] - Register_01 - Step 10: Verify Register Susscess Message is displayed
[07-05-2024 11:58:10.068 INFO com.nopcommerce.user.Level_16_Log] - Register_01 - Step 01: Verify Register link is displayed
[07-05-2024 11:58:10.126 INFO com.nopcommerce.user.Level_16_Log] - --------------FAILED--------------
[07-05-2024 11:58:10.127 INFO com.nopcommerce.user.Level_16_Log] - Register_01 - Step 02: Click to Register link
[07-05-2024 11:58:11.120 INFO com.nopcommerce.user.Level_16_Log] - Register_01 - Step 03: Verify Register link is displayed
[07-05-2024 11:58:11.153 INFO com.nopcommerce.user.Level_16_Log] - --------------PASSED--------------
[07-05-2024 11:58:11.154 INFO com.nopcommerce.user.Level_16_Log] - Register_01 - Step 04: Enter to FirstName textbox is John
[07-05-2024 11:58:11.259 INFO com.nopcommerce.user.Level_16_Log] - Register_01 - Step 05: Enter to LastName textbox is Wick
[07-05-2024 11:58:11.292 INFO com.nopcommerce.user.Level_16_Log] - Register_01 - Step 06: Enter to Email textbox is john8508@gmail.com
[07-05-2024 11:58:11.336 INFO com.nopcommerce.user.Level_16_Log] - Register_01 - Step 07: Enter to Password textbox is 123123
[07-05-2024 11:58:11.377 INFO com.nopcommerce.user.Level_16_Log] - Register_01 - Step 08: Enter to Confirm Password textbox is 123123
[07-05-2024 11:58:11.553 INFO com.nopcommerce.user.Level_16_Log] - Register_01 - Step 09: Click to Register button
[07-05-2024 11:58:12.199 INFO com.nopcommerce.user.Level_16_Log] - Register_01 - Step 10: Verify Register Susscess Message is displayed
[07-05-2024 12:46:20.768 INFO com.nopcommerce.user.Level_16_Log] - Register_01 - Step 01: Verify Register link is displayed
[07-05-2024 12:46:20.829 INFO com.nopcommerce.user.Level_16_Log] - --------------FAILED--------------
[07-05-2024 12:46:20.829 INFO com.nopcommerce.user.Level_16_Log] - Register_01 - Step 02: Click to Register link
[07-05-2024 12:46:21.772 INFO com.nopcommerce.user.Level_16_Log] - Register_01 - Step 03: Verify Register link is displayed
[07-05-2024 12:46:21.799 INFO com.nopcommerce.user.Level_16_Log] - --------------PASSED--------------
[07-05-2024 12:46:21.799 INFO com.nopcommerce.user.Level_16_Log] - Register_01 - Step 04: Enter to FirstName textbox is John
[07-05-2024 12:46:21.906 INFO com.nopcommerce.user.Level_16_Log] - Register_01 - Step 05: Enter to LastName textbox is Wick
[07-05-2024 12:46:21.940 INFO com.nopcommerce.user.Level_16_Log] - Register_01 - Step 06: Enter to Email textbox is john3264@gmail.com
[07-05-2024 12:46:22.035 INFO com.nopcommerce.user.Level_16_Log] - Register_01 - Step 07: Enter to Password textbox is 123123
[07-05-2024 12:46:22.100 INFO com.nopcommerce.user.Level_16_Log] - Register_01 - Step 08: Enter to Confirm Password textbox is 123123
[07-05-2024 12:46:22.165 INFO com.nopcommerce.user.Level_16_Log] - Register_01 - Step 09: Click to Register button
[07-05-2024 12:46:22.825 INFO com.nopcommerce.user.Level_16_Log] - Register_01 - Step 10: Verify Register Susscess Message is displayed
[07-05-2024 14:23:58.699 INFO com.nopcommerce.user.Level_16_Log] - Register_01 - Step 01: Verify Register link is displayed
[07-05-2024 14:23:58.763 INFO com.nopcommerce.user.Level_16_Log] - --------------FAILED--------------
[07-05-2024 14:23:58.763 INFO com.nopcommerce.user.Level_16_Log] - Register_01 - Step 02: Click to Register link
[07-05-2024 14:23:59.884 INFO com.nopcommerce.user.Level_16_Log] - Register_01 - Step 03: Verify Register link is displayed
[07-05-2024 14:23:59.916 INFO com.nopcommerce.user.Level_16_Log] - --------------PASSED--------------
[07-05-2024 14:23:59.916 INFO com.nopcommerce.user.Level_16_Log] - Register_01 - Step 04: Enter to FirstName textbox is John
[07-05-2024 14:24:00.084 INFO com.nopcommerce.user.Level_16_Log] - Register_01 - Step 05: Enter to LastName textbox is Wick
[07-05-2024 14:24:00.169 INFO com.nopcommerce.user.Level_16_Log] - Register_01 - Step 06: Enter to Email textbox is john7099@gmail.com
[07-05-2024 14:24:00.295 INFO com.nopcommerce.user.Level_16_Log] - Register_01 - Step 07: Enter to Password textbox is 123123
[07-05-2024 14:24:00.338 INFO com.nopcommerce.user.Level_16_Log] - Register_01 - Step 08: Enter to Confirm Password textbox is 123123
[07-05-2024 14:24:00.382 INFO com.nopcommerce.user.Level_16_Log] - Register_01 - Step 09: Click to Register button
[07-05-2024 14:24:01.011 INFO com.nopcommerce.user.Level_16_Log] - Register_01 - Step 10: Verify Register Susscess Message is displayed
[07-05-2024 14:24:11.485 INFO com.nopcommerce.user.Level_16_Log] - Register_01 - Step 01: Verify Register link is displayed
[07-05-2024 14:24:21.767 INFO com.nopcommerce.user.Level_16_Log] - --------------FAILED--------------
[07-05-2024 14:24:21.768 INFO com.nopcommerce.user.Level_16_Log] - Register_01 - Step 02: Click to Register link
[07-05-2024 14:24:28.444 INFO com.nopcommerce.user.Level_16_Log] - Register_01 - Step 03: Verify Register link is displayed
[07-05-2024 14:24:30.577 INFO com.nopcommerce.user.Level_16_Log] - --------------PASSED--------------
[07-05-2024 14:24:30.578 INFO com.nopcommerce.user.Level_16_Log] - Register_01 - Step 04: Enter to FirstName textbox is John
[07-05-2024 14:24:32.902 INFO com.nopcommerce.user.Level_16_Log] - Register_01 - Step 05: Enter to LastName textbox is Wick
[07-05-2024 14:24:34.221 INFO com.nopcommerce.user.Level_16_Log] - Register_01 - Step 06: Enter to Email textbox is john7960@gmail.com
[07-05-2024 14:24:34.691 INFO com.nopcommerce.user.Level_16_Log] - Register_01 - Step 07: Enter to Password textbox is 123123
[07-05-2024 14:24:35.318 INFO com.nopcommerce.user.Level_16_Log] - Register_01 - Step 08: Enter to Confirm Password textbox is 123123
[07-05-2024 14:24:35.698 INFO com.nopcommerce.user.Level_16_Log] - Register_01 - Step 09: Click to Register button
[07-05-2024 14:24:41.078 INFO com.nopcommerce.user.Level_16_Log] - Register_01 - Step 10: Verify Register Susscess Message is displayed
[07-05-2024 14:26:24.648 INFO com.nopcommerce.user.Level_16_Log] - Register_01 - Step 01: Verify Register link is displayed
[07-05-2024 14:26:24.721 INFO com.nopcommerce.user.Level_16_Log] - --------------FAILED--------------
[07-05-2024 14:26:24.721 INFO com.nopcommerce.user.Level_16_Log] - Register_01 - Step 02: Click to Register link
[07-05-2024 14:26:25.789 INFO com.nopcommerce.user.Level_16_Log] - Register_01 - Step 03: Verify Register link is displayed
[07-05-2024 14:26:25.881 INFO com.nopcommerce.user.Level_16_Log] - --------------PASSED--------------
[07-05-2024 14:26:25.882 INFO com.nopcommerce.user.Level_16_Log] - Register_01 - Step 04: Enter to FirstName textbox is John
[07-05-2024 14:26:26.010 INFO com.nopcommerce.user.Level_16_Log] - Register_01 - Step 05: Enter to LastName textbox is Wick
[07-05-2024 14:26:26.121 INFO com.nopcommerce.user.Level_16_Log] - Register_01 - Step 06: Enter to Email textbox is john5544@gmail.com
[07-05-2024 14:26:26.176 INFO com.nopcommerce.user.Level_16_Log] - Register_01 - Step 07: Enter to Password textbox is 123123
[07-05-2024 14:26:26.216 INFO com.nopcommerce.user.Level_16_Log] - Register_01 - Step 08: Enter to Confirm Password textbox is 123123
[07-05-2024 14:26:26.258 INFO com.nopcommerce.user.Level_16_Log] - Register_01 - Step 09: Click to Register button
[07-05-2024 14:26:26.914 INFO com.nopcommerce.user.Level_16_Log] - Register_01 - Step 10: Verify Register Susscess Message is displayed
[07-05-2024 14:26:35.747 INFO com.nopcommerce.user.Level_16_Log] - Register_01 - Step 01: Verify Register link is displayed
[07-05-2024 14:26:45.630 INFO com.nopcommerce.user.Level_16_Log] - --------------FAILED--------------
[07-05-2024 14:26:45.631 INFO com.nopcommerce.user.Level_16_Log] - Register_01 - Step 02: Click to Register link
[07-05-2024 14:26:51.550 INFO com.nopcommerce.user.Level_16_Log] - Register_01 - Step 03: Verify Register link is displayed
[07-05-2024 14:26:53.613 INFO com.nopcommerce.user.Level_16_Log] - --------------PASSED--------------
[07-05-2024 14:26:53.614 INFO com.nopcommerce.user.Level_16_Log] - Register_01 - Step 04: Enter to FirstName textbox is John
[07-05-2024 14:26:55.946 INFO com.nopcommerce.user.Level_16_Log] - Register_01 - Step 05: Enter to LastName textbox is Wick
[07-05-2024 14:26:57.264 INFO com.nopcommerce.user.Level_16_Log] - Register_01 - Step 06: Enter to Email textbox is john7673@gmail.com
[07-05-2024 14:26:58.041 INFO com.nopcommerce.user.Level_16_Log] - Register_01 - Step 07: Enter to Password textbox is 123123
[07-05-2024 14:26:58.678 INFO com.nopcommerce.user.Level_16_Log] - Register_01 - Step 08: Enter to Confirm Password textbox is 123123
[07-05-2024 14:26:59.175 INFO com.nopcommerce.user.Level_16_Log] - Register_01 - Step 09: Click to Register button
[07-05-2024 14:27:02.457 INFO com.nopcommerce.user.Level_16_Log] - Register_01 - Step 10: Verify Register Susscess Message is displayed
[07-05-2024 14:27:39.390 INFO com.nopcommerce.user.Level_16_Log] - Register_01 - Step 01: Verify Register link is displayed
[07-05-2024 14:27:39.461 INFO com.nopcommerce.user.Level_16_Log] - --------------FAILED--------------
[07-05-2024 14:27:39.462 INFO com.nopcommerce.user.Level_16_Log] - Register_01 - Step 02: Click to Register link
[07-05-2024 14:27:39.973 INFO com.nopcommerce.user.Level_16_Log] - Register_01 - Step 03: Verify Register link is displayed
[07-05-2024 14:27:40.022 INFO com.nopcommerce.user.Level_16_Log] - --------------PASSED--------------
[07-05-2024 14:27:40.023 INFO com.nopcommerce.user.Level_16_Log] - Register_01 - Step 04: Enter to FirstName textbox is John
[07-05-2024 14:27:40.204 INFO com.nopcommerce.user.Level_16_Log] - Register_01 - Step 05: Enter to LastName textbox is Wick
[07-05-2024 14:27:40.250 INFO com.nopcommerce.user.Level_16_Log] - Register_01 - Step 06: Enter to Email textbox is john7278@gmail.com
[07-05-2024 14:27:40.448 INFO com.nopcommerce.user.Level_16_Log] - Register_01 - Step 07: Enter to Password textbox is 123123
[07-05-2024 14:27:40.533 INFO com.nopcommerce.user.Level_16_Log] - Register_01 - Step 08: Enter to Confirm Password textbox is 123123
[07-05-2024 14:27:40.588 INFO com.nopcommerce.user.Level_16_Log] - Register_01 - Step 09: Click to Register button
[07-05-2024 14:27:41.208 INFO com.nopcommerce.user.Level_16_Log] - Register_01 - Step 10: Verify Register Susscess Message is displayed
[07-05-2024 14:27:50.337 INFO com.nopcommerce.user.Level_16_Log] - Register_01 - Step 01: Verify Register link is displayed
[07-05-2024 14:27:59.057 INFO com.nopcommerce.user.Level_16_Log] - --------------FAILED--------------
[07-05-2024 14:27:59.058 INFO com.nopcommerce.user.Level_16_Log] - Register_01 - Step 02: Click to Register link
[07-05-2024 14:28:04.367 INFO com.nopcommerce.user.Level_16_Log] - Register_01 - Step 03: Verify Register link is displayed
[07-05-2024 14:28:06.343 INFO com.nopcommerce.user.Level_16_Log] - --------------PASSED--------------
[07-05-2024 14:28:06.343 INFO com.nopcommerce.user.Level_16_Log] - Register_01 - Step 04: Enter to FirstName textbox is John
[07-05-2024 14:28:08.189 INFO com.nopcommerce.user.Level_16_Log] - Register_01 - Step 05: Enter to LastName textbox is Wick
[07-05-2024 14:28:09.405 INFO com.nopcommerce.user.Level_16_Log] - Register_01 - Step 06: Enter to Email textbox is john3132@gmail.com
[07-05-2024 14:28:09.949 INFO com.nopcommerce.user.Level_16_Log] - Register_01 - Step 07: Enter to Password textbox is 123123
[07-05-2024 14:28:10.559 INFO com.nopcommerce.user.Level_16_Log] - Register_01 - Step 08: Enter to Confirm Password textbox is 123123
[07-05-2024 14:28:12.982 INFO com.nopcommerce.user.Level_16_Log] - Register_01 - Step 09: Click to Register button
[07-05-2024 14:28:17.787 INFO com.nopcommerce.user.Level_16_Log] - Register_01 - Step 10: Verify Register Susscess Message is displayed
[07-05-2024 15:00:20.870 INFO com.nopcommerce.user.Level_17_ReportNG] - Register_01 - Step 01: Verify Register link is displayed
[07-05-2024 15:00:20.943 INFO com.nopcommerce.user.Level_17_ReportNG] - --------------FAILED--------------
[07-05-2024 15:00:20.943 INFO com.nopcommerce.user.Level_17_ReportNG] - Register_01 - Step 02: Click to Register link
[07-05-2024 15:00:22.108 INFO com.nopcommerce.user.Level_17_ReportNG] - Register_01 - Step 03: Verify Register link is displayed
[07-05-2024 15:00:22.139 INFO com.nopcommerce.user.Level_17_ReportNG] - --------------PASSED--------------
[07-05-2024 15:00:22.139 INFO com.nopcommerce.user.Level_17_ReportNG] - Register_01 - Step 04: Enter to FirstName textbox is John
[07-05-2024 15:00:22.271 INFO com.nopcommerce.user.Level_17_ReportNG] - Register_01 - Step 05: Enter to LastName textbox is Wick
[07-05-2024 15:00:22.458 INFO com.nopcommerce.user.Level_17_ReportNG] - Register_01 - Step 06: Enter to Email textbox is john968@gmail.com
[07-05-2024 15:00:22.507 INFO com.nopcommerce.user.Level_17_ReportNG] - Register_01 - Step 07: Enter to Password textbox is 123123
[07-05-2024 15:00:22.549 INFO com.nopcommerce.user.Level_17_ReportNG] - Register_01 - Step 08: Enter to Confirm Password textbox is 123123
[07-05-2024 15:00:22.586 INFO com.nopcommerce.user.Level_17_ReportNG] - Register_01 - Step 09: Click to Register button
[07-05-2024 15:00:23.200 INFO com.nopcommerce.user.Level_17_ReportNG] - Register_01 - Step 10: Verify Register Susscess Message is displayed
[07-05-2024 15:03:23.900 INFO com.nopcommerce.user.Level_17_ReportNG] - Register_01 - Step 01: Verify Register link is displayed
[07-05-2024 15:03:23.961 INFO com.nopcommerce.user.Level_17_ReportNG] - --------------FAILED--------------
[07-05-2024 15:03:23.961 INFO com.nopcommerce.user.Level_17_ReportNG] - Register_01 - Step 02: Click to Register link
[07-05-2024 15:03:25.059 INFO com.nopcommerce.user.Level_17_ReportNG] - Register_01 - Step 03: Verify Register link is displayed
[07-05-2024 15:03:25.218 INFO com.nopcommerce.user.Level_17_ReportNG] - --------------PASSED--------------
[07-05-2024 15:03:25.219 INFO com.nopcommerce.user.Level_17_ReportNG] - Register_01 - Step 04: Enter to FirstName textbox is John
[07-05-2024 15:03:25.366 INFO com.nopcommerce.user.Level_17_ReportNG] - Register_01 - Step 05: Enter to LastName textbox is Wick
[07-05-2024 15:03:25.425 INFO com.nopcommerce.user.Level_17_ReportNG] - Register_01 - Step 06: Enter to Email textbox is john2570@gmail.com
[07-05-2024 15:03:25.475 INFO com.nopcommerce.user.Level_17_ReportNG] - Register_01 - Step 07: Enter to Password textbox is 123123
[07-05-2024 15:03:25.519 INFO com.nopcommerce.user.Level_17_ReportNG] - Register_01 - Step 08: Enter to Confirm Password textbox is 123123
[07-05-2024 15:03:25.569 INFO com.nopcommerce.user.Level_17_ReportNG] - Register_01 - Step 09: Click to Register button
[07-05-2024 15:03:26.185 INFO com.nopcommerce.user.Level_17_ReportNG] - Register_01 - Step 10: Verify Register Susscess Message is displayed
[07-05-2024 15:06:28.246 INFO com.nopcommerce.user.Level_17_ReportNG] - Register_01 - Step 01: Verify Register link is displayed
[07-05-2024 15:06:28.304 INFO com.nopcommerce.user.Level_17_ReportNG] - --------------FAILED--------------
[07-05-2024 15:06:28.304 INFO com.nopcommerce.user.Level_17_ReportNG] - Register_01 - Step 02: Click to Register link
[07-05-2024 15:06:29.395 INFO com.nopcommerce.user.Level_17_ReportNG] - Register_01 - Step 03: Verify Register link is displayed
[07-05-2024 15:06:29.430 INFO com.nopcommerce.user.Level_17_ReportNG] - --------------PASSED--------------
[07-05-2024 15:06:29.431 INFO com.nopcommerce.user.Level_17_ReportNG] - Register_01 - Step 04: Enter to FirstName textbox is John
[07-05-2024 15:06:29.625 INFO com.nopcommerce.user.Level_17_ReportNG] - Register_01 - Step 05: Enter to LastName textbox is Wick
[07-05-2024 15:06:29.727 INFO com.nopcommerce.user.Level_17_ReportNG] - Register_01 - Step 06: Enter to Email textbox is john1290@gmail.com
[07-05-2024 15:06:29.777 INFO com.nopcommerce.user.Level_17_ReportNG] - Register_01 - Step 07: Enter to Password textbox is 123123
[07-05-2024 15:06:29.828 INFO com.nopcommerce.user.Level_17_ReportNG] - Register_01 - Step 08: Enter to Confirm Password textbox is 123123
[07-05-2024 15:06:29.879 INFO com.nopcommerce.user.Level_17_ReportNG] - Register_01 - Step 09: Click to Register button
[07-05-2024 15:06:30.482 INFO com.nopcommerce.user.Level_17_ReportNG] - Register_01 - Step 10: Verify Register Susscess Message is displayed
[07-05-2024 15:44:31.417 INFO com.nopcommerce.user.Level_17_ReportNG] - Register_01 - Step 01: Verify Register link is displayed
[07-05-2024 15:44:31.475 INFO com.nopcommerce.user.Level_17_ReportNG] - --------------FAILED--------------
[07-05-2024 15:44:31.475 INFO com.nopcommerce.user.Level_17_ReportNG] - Register_01 - Step 02: Click to Register link
[07-05-2024 15:44:32.622 INFO com.nopcommerce.user.Level_17_ReportNG] - Register_01 - Step 03: Verify Register link is displayed
[07-05-2024 15:44:32.652 INFO com.nopcommerce.user.Level_17_ReportNG] - --------------PASSED--------------
[07-05-2024 15:44:32.652 INFO com.nopcommerce.user.Level_17_ReportNG] - Register_01 - Step 04: Enter to FirstName textbox is John
[07-05-2024 15:44:32.782 INFO com.nopcommerce.user.Level_17_ReportNG] - Register_01 - Step 05: Enter to LastName textbox is Wick
[07-05-2024 15:44:32.952 INFO com.nopcommerce.user.Level_17_ReportNG] - Register_01 - Step 06: Enter to Email textbox is john6029@gmail.com
[07-05-2024 15:44:33.006 INFO com.nopcommerce.user.Level_17_ReportNG] - Register_01 - Step 07: Enter to Password textbox is 123123
[07-05-2024 15:44:33.052 INFO com.nopcommerce.user.Level_17_ReportNG] - Register_01 - Step 08: Enter to Confirm Password textbox is 123123
[07-05-2024 15:44:33.095 INFO com.nopcommerce.user.Level_17_ReportNG] - Register_01 - Step 09: Click to Register button
[07-05-2024 15:44:33.689 INFO com.nopcommerce.user.Level_17_ReportNG] - Register_01 - Step 10: Verify Register Susscess Message is displayed
[07-05-2024 15:52:11.786 INFO com.nopcommerce.user.Level_17_ReportNG] - Register_01 - Step 01: Verify Register link is displayed
[07-05-2024 15:52:11.852 INFO com.nopcommerce.user.Level_17_ReportNG] - --------------FAILED--------------
[07-05-2024 15:52:11.852 INFO com.nopcommerce.user.Level_17_ReportNG] - Register_01 - Step 02: Click to Register link
[07-05-2024 15:52:12.929 INFO com.nopcommerce.user.Level_17_ReportNG] - Register_01 - Step 03: Verify Register link is displayed
[07-05-2024 15:52:12.963 INFO com.nopcommerce.user.Level_17_ReportNG] - --------------PASSED--------------
[07-05-2024 15:52:12.963 INFO com.nopcommerce.user.Level_17_ReportNG] - Register_01 - Step 04: Enter to FirstName textbox is John
[07-05-2024 15:52:13.100 INFO com.nopcommerce.user.Level_17_ReportNG] - Register_01 - Step 05: Enter to LastName textbox is Wick
[07-05-2024 15:52:13.286 INFO com.nopcommerce.user.Level_17_ReportNG] - Register_01 - Step 06: Enter to Email textbox is john6688@gmail.com
[07-05-2024 15:52:13.348 INFO com.nopcommerce.user.Level_17_ReportNG] - Register_01 - Step 07: Enter to Password textbox is 123123
[07-05-2024 15:52:13.398 INFO com.nopcommerce.user.Level_17_ReportNG] - Register_01 - Step 08: Enter to Confirm Password textbox is 123123
[07-05-2024 15:52:13.453 INFO com.nopcommerce.user.Level_17_ReportNG] - Register_01 - Step 09: Click to Register button
[07-05-2024 15:52:14.037 INFO com.nopcommerce.user.Level_17_ReportNG] - Register_01 - Step 10: Verify Register Susscess Message is displayed
[07-05-2024 18:28:14.016 INFO com.nopcommerce.user.Level_18_Extent_v2] - Register_01 - Step 01: Verify Register link is displayed
[07-05-2024 18:28:14.083 INFO com.nopcommerce.user.Level_18_Extent_v2] - --------------FAILED--------------
[07-05-2024 18:28:14.083 INFO com.nopcommerce.user.Level_18_Extent_v2] - Register_01 - Step 02: Click to Register link
[07-05-2024 18:28:15.115 INFO com.nopcommerce.user.Level_18_Extent_v2] - Register_01 - Step 03: Verify Register link is displayed
[07-05-2024 18:28:15.147 INFO com.nopcommerce.user.Level_18_Extent_v2] - --------------PASSED--------------
[07-05-2024 18:28:15.147 INFO com.nopcommerce.user.Level_18_Extent_v2] - Register_01 - Step 04: Enter to FirstName textbox is John
[07-05-2024 18:28:15.251 INFO com.nopcommerce.user.Level_18_Extent_v2] - Register_01 - Step 05: Enter to LastName textbox is Wick
[07-05-2024 18:28:15.289 INFO com.nopcommerce.user.Level_18_Extent_v2] - Register_01 - Step 06: Enter to Email textbox is john2465@gmail.com
[07-05-2024 18:28:15.322 INFO com.nopcommerce.user.Level_18_Extent_v2] - Register_01 - Step 07: Enter to Password textbox is 123123
[07-05-2024 18:28:15.352 INFO com.nopcommerce.user.Level_18_Extent_v2] - Register_01 - Step 08: Enter to Confirm Password textbox is 123123
[07-05-2024 18:28:15.383 INFO com.nopcommerce.user.Level_18_Extent_v2] - Register_01 - Step 09: Click to Register button
[07-05-2024 18:28:16.986 INFO com.nopcommerce.user.Level_18_Extent_v2] - Register_01 - Step 10: Verify Register Susscess Message is displayed
[07-05-2024 18:55:20.286 INFO com.nopcommerce.user.Level_18_Extent_v2] - --------------FAILED--------------
[07-05-2024 18:55:21.059 INFO com.nopcommerce.user.Level_18_Extent_v2] - --------------PASSED--------------
[07-05-2024 18:57:30.752 INFO com.nopcommerce.user.Level_18_Extent_v2] - --------------FAILED--------------
[07-05-2024 18:57:31.357 INFO com.nopcommerce.user.Level_18_Extent_v2] - --------------PASSED--------------
[07-05-2024 19:19:01.127 INFO com.nopcommerce.user.Level_18_Extent_v3] - --------------FAILED--------------
[07-05-2024 19:19:02.436 INFO com.nopcommerce.user.Level_18_Extent_v3] - --------------PASSED--------------
[07-05-2024 19:19:43.294 INFO com.nopcommerce.user.Level_18_Extent_v3] - --------------FAILED--------------
[07-05-2024 19:19:44.508 INFO com.nopcommerce.user.Level_18_Extent_v3] - --------------PASSED--------------
[07-05-2024 19:21:22.828 INFO com.nopcommerce.user.Level_18_Extent_v3] - --------------FAILED--------------
[07-05-2024 19:21:23.526 INFO com.nopcommerce.user.Level_18_Extent_v3] - --------------PASSED--------------
[07-05-2024 19:23:15.590 INFO com.nopcommerce.user.Level_18_Extent_v3] - --------------FAILED--------------
[07-05-2024 19:23:16.699 INFO com.nopcommerce.user.Level_18_Extent_v3] - --------------PASSED--------------
[07-05-2024 19:31:23.675 INFO com.nopcommerce.user.Level_18_Extent_v3] - --------------FAILED--------------
[07-05-2024 19:31:24.865 INFO com.nopcommerce.user.Level_18_Extent_v3] - --------------PASSED--------------
[07-05-2024 19:39:12.126 INFO com.nopcommerce.user.Level_18_Extent_v3] - --------------FAILED--------------
[07-05-2024 19:39:13.409 INFO com.nopcommerce.user.Level_18_Extent_v3] - --------------PASSED--------------
[07-05-2024 19:59:23.435 INFO com.nopcommerce.user.Level_18_Extent_v5] - --------------FAILED--------------
[07-05-2024 19:59:24.896 INFO com.nopcommerce.user.Level_18_Extent_v5] - --------------PASSED--------------
[07-05-2024 20:15:24.064 INFO com.nopcommerce.user.Level_18_Extent_v5] - --------------FAILED--------------
[07-05-2024 20:15:25.765 INFO com.nopcommerce.user.Level_18_Extent_v5] - --------------PASSED--------------
[08-05-2024 17:16:11.057 INFO com.nopcommerce.user.Level_19_Allure_Report] - --------------FAILED--------------
[08-05-2024 17:16:12.286 INFO com.nopcommerce.user.Level_19_Allure_Report] - --------------PASSED--------------
[08-05-2024 17:19:14.004 INFO com.nopcommerce.user.Level_19_Allure_Report] - --------------FAILED--------------
[08-05-2024 17:19:15.206 INFO com.nopcommerce.user.Level_19_Allure_Report] - --------------PASSED--------------
[08-05-2024 17:19:54.773 INFO com.nopcommerce.user.Level_19_Allure_Report] - --------------FAILED--------------
[08-05-2024 17:19:56.001 INFO com.nopcommerce.user.Level_19_Allure_Report] - --------------PASSED--------------
[08-05-2024 17:20:52.886 INFO com.nopcommerce.user.Level_19_Allure_Report] - --------------FAILED--------------
[08-05-2024 17:20:54.065 INFO com.nopcommerce.user.Level_19_Allure_Report] - --------------PASSED--------------
[08-05-2024 17:23:10.646 INFO com.nopcommerce.user.Level_19_Allure_Report] - --------------FAILED--------------
[08-05-2024 17:23:11.950 INFO com.nopcommerce.user.Level_19_Allure_Report] - --------------PASSED--------------
[08-05-2024 17:25:12.636 INFO com.nopcommerce.user.Level_19_Allure_Report] - --------------FAILED--------------
[08-05-2024 17:25:13.911 INFO com.nopcommerce.user.Level_19_Allure_Report] - --------------PASSED--------------
[08-05-2024 17:43:40.785 INFO com.nopcommerce.user.Level_19_Allure_Report] - --------------FAILED--------------
[08-05-2024 17:43:41.964 INFO com.nopcommerce.user.Level_19_Allure_Report] - --------------PASSED--------------
[08-05-2024 17:44:24.599 INFO com.nopcommerce.user.Level_19_Allure_Report] - --------------FAILED--------------
[08-05-2024 17:44:25.831 INFO com.nopcommerce.user.Level_19_Allure_Report] - --------------PASSED--------------
[08-05-2024 17:58:36.013 INFO com.nopcommerce.user.Level_19_Allure_Report] - --------------FAILED--------------
[08-05-2024 17:58:37.368 INFO com.nopcommerce.user.Level_19_Allure_Report] - --------------PASSED--------------
[08-05-2024 18:01:23.718 INFO com.nopcommerce.user.Level_19_Allure_Report] - --------------PASSED--------------
[08-05-2024 18:23:17.109 INFO com.nopcommerce.user.Level_19_Allure_Report] - --------------PASSED--------------
[08-05-2024 18:23:45.295 INFO com.nopcommerce.user.Level_19_Allure_Report] - --------------PASSED--------------
[08-05-2024 18:26:29.047 INFO com.nopcommerce.user.Level_19_Allure_Report] - --------------PASSED--------------
[08-05-2024 18:27:27.242 INFO com.nopcommerce.user.Level_19_Allure_Report] - --------------PASSED--------------
[08-05-2024 18:31:00.146 INFO com.nopcommerce.user.Level_19_Allure_Report] - --------------PASSED--------------
[09-05-2024 13:21:03.035 INFO com.nopcommerce.user.Level_19_Allure_Report] - --------------PASSED--------------
[09-05-2024 13:22:50.967 INFO com.nopcommerce.user.Level_19_Allure_Report] - --------------PASSED--------------
[09-05-2024 13:44:05.427 INFO com.nopcommerce.user.Level_19_Allure_Report] - --------------PASSED--------------
[09-05-2024 13:45:59.681 INFO com.nopcommerce.user.Level_19_Allure_Report] - --------------PASSED--------------
[09-05-2024 13:47:16.177 INFO com.nopcommerce.user.Level_19_Allure_Report] - --------------PASSED--------------
[09-05-2024 13:47:49.303 INFO com.nopcommerce.user.Level_19_Allure_Report] - --------------PASSED--------------
[09-05-2024 13:48:23.348 INFO com.nopcommerce.user.Level_19_Allure_Report] - --------------PASSED--------------
[09-05-2024 13:49:10.467 INFO com.nopcommerce.user.Level_19_Allure_Report] - --------------PASSED--------------
[09-05-2024 15:49:59.047 INFO com.facebook.home.Level_20_Element_Undisplayed] - --------------PASSED--------------
[09-05-2024 15:49:59.065 INFO com.facebook.home.Level_20_Element_Undisplayed] - --------------PASSED--------------
[09-05-2024 15:49:59.080 INFO com.facebook.home.Level_20_Element_Undisplayed] - --------------PASSED--------------
[09-05-2024 15:49:59.096 INFO com.facebook.home.Level_20_Element_Undisplayed] - --------------PASSED--------------
[09-05-2024 15:49:59.141 INFO com.facebook.home.Level_20_Element_Undisplayed] - Verify Confirm Email textbox is displayed
[09-05-2024 15:49:59.167 INFO com.facebook.home.Level_20_Element_Undisplayed] - --------------FAILED--------------
[09-05-2024 15:49:59.400 INFO com.facebook.home.Level_20_Element_Undisplayed] - Verify Confirm Email textbox is not displayed
[09-05-2024 15:49:59.410 INFO com.facebook.home.Level_20_Element_Undisplayed] - --------------PASSED--------------
[09-05-2024 15:52:23.608 INFO com.facebook.home.Level_20_Element_Undisplayed] - --------------PASSED--------------
[09-05-2024 15:52:23.625 INFO com.facebook.home.Level_20_Element_Undisplayed] - --------------PASSED--------------
[09-05-2024 15:52:23.644 INFO com.facebook.home.Level_20_Element_Undisplayed] - --------------PASSED--------------
[09-05-2024 15:52:23.660 INFO com.facebook.home.Level_20_Element_Undisplayed] - --------------PASSED--------------
[09-05-2024 15:52:23.697 INFO com.facebook.home.Level_20_Element_Undisplayed] - Verify Confirm Email textbox is displayed
[09-05-2024 15:52:23.709 INFO com.facebook.home.Level_20_Element_Undisplayed] - --------------FAILED--------------
[09-05-2024 15:52:23.973 INFO com.facebook.home.Level_20_Element_Undisplayed] - Verify Confirm Email textbox is not displayed
[09-05-2024 15:52:23.987 INFO com.facebook.home.Level_20_Element_Undisplayed] - --------------PASSED--------------
[09-05-2024 15:54:07.311 INFO com.facebook.home.Level_20_Element_Undisplayed] - --------------PASSED--------------
[09-05-2024 15:54:07.327 INFO com.facebook.home.Level_20_Element_Undisplayed] - --------------PASSED--------------
[09-05-2024 15:54:07.341 INFO com.facebook.home.Level_20_Element_Undisplayed] - --------------PASSED--------------
[09-05-2024 15:54:07.355 INFO com.facebook.home.Level_20_Element_Undisplayed] - --------------PASSED--------------
[09-05-2024 15:54:07.404 INFO com.facebook.home.Level_20_Element_Undisplayed] - Verify Confirm Email textbox is displayed
[09-05-2024 15:54:07.416 INFO com.facebook.home.Level_20_Element_Undisplayed] - --------------FAILED--------------
[09-05-2024 15:54:07.745 INFO com.facebook.home.Level_20_Element_Undisplayed] - Verify Confirm Email textbox is not displayed
[09-05-2024 15:54:07.758 INFO com.facebook.home.Level_20_Element_Undisplayed] - --------------PASSED--------------
[09-05-2024 15:54:35.014 INFO com.facebook.home.Level_20_Element_Undisplayed] - --------------PASSED--------------
[09-05-2024 15:54:35.028 INFO com.facebook.home.Level_20_Element_Undisplayed] - --------------PASSED--------------
[09-05-2024 15:54:35.044 INFO com.facebook.home.Level_20_Element_Undisplayed] - --------------PASSED--------------
[09-05-2024 15:54:35.058 INFO com.facebook.home.Level_20_Element_Undisplayed] - --------------PASSED--------------
[09-05-2024 15:54:35.130 INFO com.facebook.home.Level_20_Element_Undisplayed] - Verify Confirm Email textbox is displayed
[09-05-2024 15:54:35.146 INFO com.facebook.home.Level_20_Element_Undisplayed] - --------------FAILED--------------
[09-05-2024 15:54:35.446 INFO com.facebook.home.Level_20_Element_Undisplayed] - Verify Confirm Email textbox is not displayed
[09-05-2024 15:54:35.459 INFO com.facebook.home.Level_20_Element_Undisplayed] - --------------PASSED--------------
[09-05-2024 16:02:05.606 INFO com.facebook.home.Level_20_Element_Undisplayed] - --------------PASSED--------------
[09-05-2024 16:02:05.621 INFO com.facebook.home.Level_20_Element_Undisplayed] - --------------PASSED--------------
[09-05-2024 16:02:05.637 INFO com.facebook.home.Level_20_Element_Undisplayed] - --------------PASSED--------------
[09-05-2024 16:02:05.652 INFO com.facebook.home.Level_20_Element_Undisplayed] - --------------PASSED--------------
[09-05-2024 16:02:05.777 INFO com.facebook.home.Level_20_Element_Undisplayed] - Verify Confirm Email textbox is displayed
[09-05-2024 16:02:05.789 INFO com.facebook.home.Level_20_Element_Undisplayed] - --------------PASSED--------------
[09-05-2024 16:02:05.877 INFO com.facebook.home.Level_20_Element_Undisplayed] - Verify Confirm Email textbox is not displayed
[09-05-2024 16:02:05.889 INFO com.facebook.home.Level_20_Element_Undisplayed] - --------------FAILED--------------
[09-05-2024 16:05:45.692 INFO com.facebook.home.Level_20_Element_Undisplayed] - --------------PASSED--------------
[09-05-2024 16:05:45.706 INFO com.facebook.home.Level_20_Element_Undisplayed] - --------------PASSED--------------
[09-05-2024 16:05:45.726 INFO com.facebook.home.Level_20_Element_Undisplayed] - --------------PASSED--------------
[09-05-2024 16:05:45.740 INFO com.facebook.home.Level_20_Element_Undisplayed] - --------------PASSED--------------
[09-05-2024 16:05:45.869 INFO com.facebook.home.Level_20_Element_Undisplayed] - Verify Confirm Email textbox is displayed
[09-05-2024 16:05:45.881 INFO com.facebook.home.Level_20_Element_Undisplayed] - --------------FAILED--------------
[09-05-2024 16:05:46.162 INFO com.facebook.home.Level_20_Element_Undisplayed] - Verify Confirm Email textbox is not displayed
[09-05-2024 16:05:46.174 INFO com.facebook.home.Level_20_Element_Undisplayed] - --------------PASSED--------------
[09-05-2024 16:07:36.634 INFO com.facebook.home.Level_20_Element_Undisplayed] - --------------PASSED--------------
[09-05-2024 16:07:36.674 INFO com.facebook.home.Level_20_Element_Undisplayed] - --------------PASSED--------------
[09-05-2024 16:07:36.701 INFO com.facebook.home.Level_20_Element_Undisplayed] - --------------PASSED--------------
[09-05-2024 16:07:36.728 INFO com.facebook.home.Level_20_Element_Undisplayed] - --------------PASSED--------------
[09-05-2024 16:07:36.843 INFO com.facebook.home.Level_20_Element_Undisplayed] - Verify Confirm Email textbox is displayed
[09-05-2024 16:07:36.863 INFO com.facebook.home.Level_20_Element_Undisplayed] - --------------PASSED--------------
[09-05-2024 16:07:36.941 INFO com.facebook.home.Level_20_Element_Undisplayed] - Verify Confirm Email textbox is not displayed
[09-05-2024 16:07:36.955 INFO com.facebook.home.Level_20_Element_Undisplayed] - --------------FAILED--------------
[09-05-2024 16:07:37.411 INFO com.facebook.home.Level_20_Element_Undisplayed] - Verify FirstName textbox is not displayed
[09-05-2024 16:10:47.478 INFO com.facebook.home.Level_20_Element_Undisplayed] - --------------PASSED--------------
[09-05-2024 16:10:47.506 INFO com.facebook.home.Level_20_Element_Undisplayed] - --------------PASSED--------------
[09-05-2024 16:10:47.534 INFO com.facebook.home.Level_20_Element_Undisplayed] - --------------PASSED--------------
[09-05-2024 16:10:47.559 INFO com.facebook.home.Level_20_Element_Undisplayed] - --------------PASSED--------------
[09-05-2024 16:10:47.684 INFO com.facebook.home.Level_20_Element_Undisplayed] - Verify Confirm Email textbox is displayed
[09-05-2024 16:10:47.697 INFO com.facebook.home.Level_20_Element_Undisplayed] - --------------FAILED--------------
[09-05-2024 16:10:47.917 INFO com.facebook.home.Level_20_Element_Undisplayed] - Verify Confirm Email textbox is not displayed
[09-05-2024 16:10:47.930 INFO com.facebook.home.Level_20_Element_Undisplayed] - --------------PASSED--------------
[09-05-2024 16:10:50.183 INFO com.facebook.home.Level_20_Element_Undisplayed] - Verify FirstName textbox is not displayed
[09-05-2024 16:14:33.713 INFO com.facebook.home.Level_20_Element_Undisplayed] - --------------PASSED--------------
[09-05-2024 16:14:33.742 INFO com.facebook.home.Level_20_Element_Undisplayed] - --------------PASSED--------------
[09-05-2024 16:14:33.768 INFO com.facebook.home.Level_20_Element_Undisplayed] - --------------PASSED--------------
[09-05-2024 16:14:33.794 INFO com.facebook.home.Level_20_Element_Undisplayed] - --------------PASSED--------------
[09-05-2024 16:14:33.908 INFO com.facebook.home.Level_20_Element_Undisplayed] - Verify Confirm Email textbox is displayed
[09-05-2024 16:14:33.923 INFO com.facebook.home.Level_20_Element_Undisplayed] - --------------PASSED--------------
[09-05-2024 16:14:34.008 INFO com.facebook.home.Level_20_Element_Undisplayed] - Verify Confirm Email textbox is not displayed
[09-05-2024 16:14:34.019 INFO com.facebook.home.Level_20_Element_Undisplayed] - --------------FAILED--------------
[09-05-2024 16:14:36.420 INFO com.facebook.home.Level_20_Element_Undisplayed] - Verify FirstName textbox is not displayed
[09-05-2024 16:15:56.358 INFO com.facebook.home.Level_20_Element_Undisplayed] - --------------PASSED--------------
[09-05-2024 16:15:56.389 INFO com.facebook.home.Level_20_Element_Undisplayed] - --------------PASSED--------------
[09-05-2024 16:15:56.416 INFO com.facebook.home.Level_20_Element_Undisplayed] - --------------PASSED--------------
[09-05-2024 16:15:56.442 INFO com.facebook.home.Level_20_Element_Undisplayed] - --------------PASSED--------------
[09-05-2024 16:15:56.556 INFO com.facebook.home.Level_20_Element_Undisplayed] - Verify Confirm Email textbox is displayed
[09-05-2024 16:15:56.566 INFO com.facebook.home.Level_20_Element_Undisplayed] - --------------FAILED--------------
[09-05-2024 16:15:58.844 INFO com.facebook.home.Level_20_Element_Undisplayed] - Verify Confirm Email textbox is not displayed
[09-05-2024 16:15:58.857 INFO com.facebook.home.Level_20_Element_Undisplayed] - --------------PASSED--------------
[09-05-2024 16:16:01.102 INFO com.facebook.home.Level_20_Element_Undisplayed] - Verify FirstName textbox is not displayed
[09-05-2024 16:17:23.393 INFO com.facebook.home.Level_20_Element_Undisplayed] - --------------PASSED--------------
[09-05-2024 16:17:23.424 INFO com.facebook.home.Level_20_Element_Undisplayed] - --------------PASSED--------------
[09-05-2024 16:17:23.450 INFO com.facebook.home.Level_20_Element_Undisplayed] - --------------PASSED--------------
[09-05-2024 16:17:23.479 INFO com.facebook.home.Level_20_Element_Undisplayed] - --------------PASSED--------------
[09-05-2024 16:17:25.596 INFO com.facebook.home.Level_20_Element_Undisplayed] - Verify Confirm Email textbox is displayed
[09-05-2024 16:17:25.612 INFO com.facebook.home.Level_20_Element_Undisplayed] - --------------FAILED--------------
[09-05-2024 16:17:27.886 INFO com.facebook.home.Level_20_Element_Undisplayed] - Verify Confirm Email textbox is not displayed
[09-05-2024 16:17:27.907 INFO com.facebook.home.Level_20_Element_Undisplayed] - --------------PASSED--------------
[09-05-2024 16:17:30.211 INFO com.facebook.home.Level_20_Element_Undisplayed] - Verify FirstName textbox is not displayed
[09-05-2024 16:41:07.768 INFO com.facebook.home.Level_20_Element_Undisplayed] - --------------PASSED--------------
[09-05-2024 16:41:07.800 INFO com.facebook.home.Level_20_Element_Undisplayed] - --------------PASSED--------------
[09-05-2024 16:41:07.831 INFO com.facebook.home.Level_20_Element_Undisplayed] - --------------PASSED--------------
[09-05-2024 16:41:07.864 INFO com.facebook.home.Level_20_Element_Undisplayed] - --------------PASSED--------------
[09-05-2024 16:41:09.993 INFO com.facebook.home.Level_20_Element_Undisplayed] - Verify Confirm Email textbox is displayed
[09-05-2024 16:41:10.016 INFO com.facebook.home.Level_20_Element_Undisplayed] - --------------FAILED--------------
[09-05-2024 16:41:12.252 INFO com.facebook.home.Level_20_Element_Undisplayed] - Verify Confirm Email textbox is not displayed
[09-05-2024 16:41:12.281 INFO com.facebook.home.Level_20_Element_Undisplayed] - --------------PASSED--------------
[09-05-2024 16:41:14.590 INFO com.facebook.home.Level_20_Element_Undisplayed] - Verify FirstName textbox is not displayed
[09-05-2024 16:42:54.019 INFO com.facebook.home.Level_20_Element_Undisplayed] - --------------PASSED--------------
[09-05-2024 16:42:54.049 INFO com.facebook.home.Level_20_Element_Undisplayed] - --------------PASSED--------------
[09-05-2024 16:42:54.081 INFO com.facebook.home.Level_20_Element_Undisplayed] - --------------PASSED--------------
[09-05-2024 16:42:54.108 INFO com.facebook.home.Level_20_Element_Undisplayed] - --------------PASSED--------------
[09-05-2024 16:42:56.249 INFO com.facebook.home.Level_20_Element_Undisplayed] - Verify Confirm Email textbox is displayed
[09-05-2024 16:42:56.263 INFO com.facebook.home.Level_20_Element_Undisplayed] - --------------FAILED--------------
[09-05-2024 16:42:58.491 INFO com.facebook.home.Level_20_Element_Undisplayed] - Verify Confirm Email textbox is not displayed
[09-05-2024 16:42:58.516 INFO com.facebook.home.Level_20_Element_Undisplayed] - --------------PASSED--------------
[09-05-2024 16:43:00.769 INFO com.facebook.home.Level_20_Element_Undisplayed] - Verify FirstName textbox is not displayed
[09-05-2024 16:43:30.981 INFO com.facebook.home.Level_20_Element_Undisplayed] - Verify FirstName textbox is not displayed
[09-05-2024 16:44:01.000 INFO com.facebook.home.Level_20_Element_Undisplayed] - --------------PASSED--------------
[09-05-2024 16:44:01.000 INFO com.facebook.home.Level_20_Element_Undisplayed] - Verify SurName textbox is not displayed
[09-05-2024 16:44:31.012 INFO com.facebook.home.Level_20_Element_Undisplayed] - --------------PASSED--------------
[09-05-2024 16:44:31.013 INFO com.facebook.home.Level_20_Element_Undisplayed] - Verify Email textbox is not displayed
[09-05-2024 16:45:01.030 INFO com.facebook.home.Level_20_Element_Undisplayed] - --------------PASSED--------------
[09-05-2024 16:45:01.030 INFO com.facebook.home.Level_20_Element_Undisplayed] - Verify Password textbox is not displayed
[09-05-2024 16:45:31.036 INFO com.facebook.home.Level_20_Element_Undisplayed] - --------------PASSED--------------
[09-05-2024 16:50:36.858 INFO com.facebook.home.Level_20_Element_Undisplayed] - --------------PASSED--------------
[09-05-2024 16:50:36.882 INFO com.facebook.home.Level_20_Element_Undisplayed] - --------------PASSED--------------
[09-05-2024 16:50:36.901 INFO com.facebook.home.Level_20_Element_Undisplayed] - --------------PASSED--------------
[09-05-2024 16:50:36.917 INFO com.facebook.home.Level_20_Element_Undisplayed] - --------------PASSED--------------
[09-05-2024 16:50:39.083 INFO com.facebook.home.Level_20_Element_Undisplayed] - Verify Confirm Email textbox is displayed
[09-05-2024 16:50:39.098 INFO com.facebook.home.Level_20_Element_Undisplayed] - --------------FAILED--------------
[09-05-2024 16:50:41.338 INFO com.facebook.home.Level_20_Element_Undisplayed] - Verify Confirm Email textbox is not displayed
[09-05-2024 16:50:41.381 INFO com.facebook.home.Level_20_Element_Undisplayed] - --------------PASSED--------------
[09-05-2024 16:50:43.672 INFO com.facebook.home.Level_20_Element_Undisplayed] - Verify FirstName textbox is not displayed
[09-05-2024 16:51:13.854 INFO com.facebook.home.Level_20_Element_Undisplayed] - Verify FirstName textbox is not displayed
[09-05-2024 16:51:18.869 INFO com.facebook.home.Level_20_Element_Undisplayed] - --------------PASSED--------------
[09-05-2024 16:51:18.870 INFO com.facebook.home.Level_20_Element_Undisplayed] - Verify SurName textbox is not displayed
[09-05-2024 16:51:23.882 INFO com.facebook.home.Level_20_Element_Undisplayed] - --------------PASSED--------------
[09-05-2024 16:51:23.883 INFO com.facebook.home.Level_20_Element_Undisplayed] - Verify Email textbox is not displayed
[09-05-2024 16:51:28.900 INFO com.facebook.home.Level_20_Element_Undisplayed] - --------------PASSED--------------
[09-05-2024 16:51:28.900 INFO com.facebook.home.Level_20_Element_Undisplayed] - Verify Password textbox is not displayed
[09-05-2024 16:51:33.917 INFO com.facebook.home.Level_20_Element_Undisplayed] - --------------PASSED--------------
[09-05-2024 16:52:26.698 INFO com.facebook.home.Level_20_Element_Undisplayed] - --------------PASSED--------------
[09-05-2024 16:52:26.718 INFO com.facebook.home.Level_20_Element_Undisplayed] - --------------PASSED--------------
[09-05-2024 16:52:26.736 INFO com.facebook.home.Level_20_Element_Undisplayed] - --------------PASSED--------------
[09-05-2024 16:52:26.751 INFO com.facebook.home.Level_20_Element_Undisplayed] - --------------PASSED--------------
[09-05-2024 16:52:30.984 INFO com.facebook.home.Level_20_Element_Undisplayed] - Verify Confirm Email textbox is not displayed
[09-05-2024 16:52:31.011 INFO com.facebook.home.Level_20_Element_Undisplayed] - --------------PASSED--------------
[09-05-2024 16:52:31.018 INFO com.facebook.home.Level_20_Element_Undisplayed] - Verify FirstName textbox is not displayed
[09-05-2024 16:52:31.045 INFO com.facebook.home.Level_20_Element_Undisplayed] - --------------FAILED--------------
[09-05-2024 16:52:31.045 INFO com.facebook.home.Level_20_Element_Undisplayed] - Verify SurName textbox is not displayed
[09-05-2024 16:52:31.064 INFO com.facebook.home.Level_20_Element_Undisplayed] - --------------FAILED--------------
[09-05-2024 16:52:31.064 INFO com.facebook.home.Level_20_Element_Undisplayed] - Verify Email textbox is not displayed
[09-05-2024 16:52:31.081 INFO com.facebook.home.Level_20_Element_Undisplayed] - --------------FAILED--------------
[09-05-2024 16:52:31.081 INFO com.facebook.home.Level_20_Element_Undisplayed] - Verify Password textbox is not displayed
[09-05-2024 16:52:31.096 INFO com.facebook.home.Level_20_Element_Undisplayed] - --------------FAILED--------------
[09-05-2024 16:53:21.575 INFO com.facebook.home.Level_20_Element_Undisplayed] - --------------PASSED--------------
[09-05-2024 16:53:21.593 INFO com.facebook.home.Level_20_Element_Undisplayed] - --------------PASSED--------------
[09-05-2024 16:53:21.608 INFO com.facebook.home.Level_20_Element_Undisplayed] - --------------PASSED--------------
[09-05-2024 16:53:21.623 INFO com.facebook.home.Level_20_Element_Undisplayed] - --------------PASSED--------------
[09-05-2024 16:53:25.857 INFO com.facebook.home.Level_20_Element_Undisplayed] - Verify Confirm Email textbox is not displayed
[09-05-2024 16:53:25.887 INFO com.facebook.home.Level_20_Element_Undisplayed] - --------------PASSED--------------
[09-05-2024 16:53:28.181 INFO com.facebook.home.Level_20_Element_Undisplayed] - Verify FirstName textbox is not displayed
[09-05-2024 16:53:33.209 INFO com.facebook.home.Level_20_Element_Undisplayed] - --------------PASSED--------------
[09-05-2024 16:53:33.209 INFO com.facebook.home.Level_20_Element_Undisplayed] - Verify SurName textbox is not displayed
[09-05-2024 16:53:38.228 INFO com.facebook.home.Level_20_Element_Undisplayed] - --------------PASSED--------------
[09-05-2024 16:53:38.228 INFO com.facebook.home.Level_20_Element_Undisplayed] - Verify Email textbox is not displayed
[09-05-2024 16:53:43.248 INFO com.facebook.home.Level_20_Element_Undisplayed] - --------------PASSED--------------
[09-05-2024 16:53:43.248 INFO com.facebook.home.Level_20_Element_Undisplayed] - Verify Password textbox is not displayed
[09-05-2024 16:53:48.273 INFO com.facebook.home.Level_20_Element_Undisplayed] - --------------PASSED--------------
[09-05-2024 19:12:49.109 INFO com.nopcommerce.user.Level_19_Allure_Report] - --------------PASSED--------------
[09-05-2024 19:13:44.510 INFO com.nopcommerce.user.Level_19_Allure_Report] - --------------PASSED--------------
[09-05-2024 19:14:11.634 INFO com.nopcommerce.user.Level_19_Allure_Report] - --------------PASSED--------------
[09-05-2024 19:43:09.700 INFO com.nopcommerce.user.Level_18_Extent_v3] - --------------FAILED--------------
[09-05-2024 19:43:10.955 INFO com.nopcommerce.user.Level_18_Extent_v3] - --------------PASSED--------------
[27-05-2024 21:23:54.151 INFO com.nopcommerce.cookie.Common_Register] - OS name = mac os x
[27-05-2024 21:23:54.154 INFO com.nopcommerce.cookie.Common_Register] - Driver instance name = firefoxdriver: firefox on mac (c7d19641-4651-4556-bef0-dcc542b26361)
[28-05-2024 19:14:42.843 INFO com.nopcommerce.user.Level_22_Close_Browser] - OS name = mac os x
[28-05-2024 19:14:42.848 INFO com.nopcommerce.user.Level_22_Close_Browser] - Driver instance name = firefoxdriver: firefox on mac (c6b65094-da1a-43cf-8d72-cbbccf385c70)
[28-05-2024 19:18:00.764 INFO com.nopcommerce.user.Level_23_FakerDataTest] - --------------PASSED--------------
[28-05-2024 19:18:02.785 INFO com.nopcommerce.user.Level_23_FakerDataTest] - --------------PASSED--------------
[28-05-2024 19:19:07.327 INFO com.nopcommerce.user.Level_23_FakerDataTest] - OS name = mac os x
[28-05-2024 19:19:07.330 INFO com.nopcommerce.user.Level_23_FakerDataTest] - Driver instance name = firefoxdriver: firefox on mac (64adccfc-6515-4b4e-8aa4-9b0add68d248)
[28-05-2024 19:24:43.202 INFO com.nopcommerce.user.Level_23_FakerDataTest] - --------------PASSED--------------
[28-05-2024 19:24:44.486 INFO com.nopcommerce.user.Level_23_FakerDataTest] - --------------PASSED--------------
[28-05-2024 19:29:09.615 INFO com.nopcommerce.user.Level_23_FakerDataTest] - --------------PASSED--------------
[28-05-2024 19:29:15.130 INFO com.nopcommerce.user.Level_23_FakerDataTest] - --------------PASSED--------------
[28-05-2024 19:30:05.407 INFO com.nopcommerce.user.Level_23_FakerDataTest] - --------------PASSED--------------
[28-05-2024 19:30:06.675 INFO com.nopcommerce.user.Level_23_FakerDataTest] - --------------PASSED--------------
[28-05-2024 22:06:51.217 INFO com.nopcommerce.user.Level_24_Data_In_TestClass] - --------------PASSED--------------
[28-05-2024 22:06:52.276 INFO com.nopcommerce.user.Level_24_Data_In_TestClass] - --------------PASSED--------------
[28-05-2024 22:07:01.559 INFO com.nopcommerce.user.Level_24_Data_In_TestClass] - OS name = mac os x
[28-05-2024 22:07:01.560 INFO com.nopcommerce.user.Level_24_Data_In_TestClass] - Driver instance name = firefoxdriver: firefox on mac (d236f66f-c3d2-4e8d-b728-76015eb92fc5)
[28-05-2024 22:11:53.845 INFO com.nopcommerce.user.Level_26_Data_In_Internal] - --------------PASSED--------------
[28-05-2024 22:11:55.861 INFO com.nopcommerce.user.Level_26_Data_In_Internal] - --------------PASSED--------------
[28-05-2024 22:12:01.893 INFO com.nopcommerce.user.Level_26_Data_In_Internal] - OS name = mac os x
[28-05-2024 22:12:01.895 INFO com.nopcommerce.user.Level_26_Data_In_Internal] - Driver instance name = firefoxdriver: firefox on mac (728ec227-5813-459e-a9ce-8f05b86751ae)
[29-05-2024 07:37:51.138 INFO com.nopcommerce.user.Level_27_Data_POJO] - --------------PASSED--------------
[29-05-2024 07:37:51.927 INFO com.nopcommerce.user.Level_27_Data_POJO] - --------------PASSED--------------
[29-05-2024 07:37:55.745 INFO com.nopcommerce.user.Level_27_Data_POJO] - OS name = mac os x
[29-05-2024 07:37:55.746 INFO com.nopcommerce.user.Level_27_Data_POJO] - Driver instance name = firefoxdriver: firefox on mac (9d7353d7-2eaa-4eba-b70d-65c97a356f0a)
[29-05-2024 07:38:37.901 INFO com.nopcommerce.user.Level_27_Data_POJO] - --------------PASSED--------------
[29-05-2024 07:38:38.606 INFO com.nopcommerce.user.Level_27_Data_POJO] - --------------PASSED--------------
[29-05-2024 07:38:44.025 INFO com.nopcommerce.user.Level_27_Data_POJO] - OS name = mac os x
[29-05-2024 07:38:44.027 INFO com.nopcommerce.user.Level_27_Data_POJO] - Driver instance name = firefoxdriver: firefox on mac (404dbfa4-bf84-4462-89cd-6c965d783ad2)
[29-05-2024 07:50:20.367 INFO com.nopcommerce.user.Level_27_Data_POJO] - --------------PASSED--------------
[29-05-2024 07:50:21.105 INFO com.nopcommerce.user.Level_27_Data_POJO] - --------------PASSED--------------
[29-05-2024 07:50:26.648 INFO com.nopcommerce.user.Level_27_Data_POJO] - OS name = mac os x
[29-05-2024 07:50:26.649 INFO com.nopcommerce.user.Level_27_Data_POJO] - Driver instance name = firefoxdriver: firefox on mac (7cf0f189-b8f8-43f4-a248-55bd4b527ff3)
[29-05-2024 07:53:49.527 INFO com.nopcommerce.user.Level_27_Data_POJO] - --------------PASSED--------------
[29-05-2024 07:53:50.385 INFO com.nopcommerce.user.Level_27_Data_POJO] - --------------PASSED--------------
[29-05-2024 07:53:55.527 INFO com.nopcommerce.user.Level_27_Data_POJO] - OS name = mac os x
[29-05-2024 07:53:55.528 INFO com.nopcommerce.user.Level_27_Data_POJO] - Driver instance name = firefoxdriver: firefox on mac (56ca930d-8f0d-4a35-bbbe-e91ad7b5d478)
[29-05-2024 12:01:42.942 INFO com.nopcommerce.user.Level_28_Data_JSON] - --------------PASSED--------------
[29-05-2024 12:01:43.716 INFO com.nopcommerce.user.Level_28_Data_JSON] - --------------PASSED--------------
[29-05-2024 12:01:51.050 INFO com.nopcommerce.user.Level_28_Data_JSON] - OS name = mac os x
[29-05-2024 12:01:51.050 INFO com.nopcommerce.user.Level_28_Data_JSON] - Driver instance name = firefoxdriver: firefox on mac (4cd3a02c-b204-45e9-8f9d-9276124ea22a)
[29-05-2024 14:48:41.244 INFO com.nopcommerce.user.Level_28_Data_JSON] - --------------PASSED--------------
[29-05-2024 14:48:41.969 INFO com.nopcommerce.user.Level_28_Data_JSON] - --------------PASSED--------------
[29-05-2024 14:48:47.662 INFO com.nopcommerce.user.Level_28_Data_JSON] - OS name = mac os x
[29-05-2024 14:48:47.663 INFO com.nopcommerce.user.Level_28_Data_JSON] - Driver instance name = firefoxdriver: firefox on mac (c3480558-2094-4ad6-85eb-f9f779f3bce2)
[29-05-2024 15:48:31.199 INFO com.nopcommerce.user.Level_29_Data_Excel] - --------------PASSED--------------
[29-05-2024 15:48:31.960 INFO com.nopcommerce.user.Level_29_Data_Excel] - --------------PASSED--------------
[29-05-2024 15:48:39.414 INFO com.nopcommerce.user.Level_29_Data_Excel] - OS name = mac os x
[29-05-2024 15:48:39.415 INFO com.nopcommerce.user.Level_29_Data_Excel] - Driver instance name = firefoxdriver: firefox on mac (d5763f7d-9568-485d-b3ab-7d23e60b82e4)
[29-05-2024 17:12:59.603 INFO com.nopcommerce.user.Level_30_Test_Not_Dependencies] - OS name = mac os x
[29-05-2024 17:12:59.606 INFO com.nopcommerce.user.Level_30_Test_Not_Dependencies] - Driver instance name = firefoxdriver: firefox on mac (09dd5523-2d83-4cbf-b64c-bf3986c60cec)
[29-05-2024 17:13:12.117 INFO com.nopcommerce.user.Level_30_Test_Not_Dependencies] - OS name = mac os x
[29-05-2024 17:13:12.118 INFO com.nopcommerce.user.Level_30_Test_Not_Dependencies] - Driver instance name = firefoxdriver: firefox on mac (f3dd0741-6158-46d1-a350-3e60a98f7b2c)
[29-05-2024 17:13:24.800 INFO com.nopcommerce.user.Level_30_Test_Not_Dependencies] - OS name = mac os x
[29-05-2024 17:13:24.801 INFO com.nopcommerce.user.Level_30_Test_Not_Dependencies] - Driver instance name = firefoxdriver: firefox on mac (6b2d65fb-704b-400c-968f-41a3f32c5afe)
[29-05-2024 17:13:33.689 INFO com.nopcommerce.user.Level_30_Test_Not_Dependencies] - OS name = mac os x
[29-05-2024 17:13:33.690 INFO com.nopcommerce.user.Level_30_Test_Not_Dependencies] - Driver instance name = firefoxdriver: firefox on mac (3d8dc008-0761-432b-80a0-ddac3658dd8e)
[29-05-2024 17:14:27.829 INFO com.nopcommerce.user.Level_30_Test_Not_Dependencies] - OS name = mac os x
[29-05-2024 17:14:27.833 INFO com.nopcommerce.user.Level_30_Test_Not_Dependencies] - Driver instance name = firefoxdriver: firefox on mac (f34c117d-f269-4d23-b573-1eeb6a0703b4)
[29-05-2024 17:14:36.612 INFO com.nopcommerce.user.Level_30_Test_Not_Dependencies] - OS name = mac os x
[29-05-2024 17:14:36.613 INFO com.nopcommerce.user.Level_30_Test_Not_Dependencies] - Driver instance name = firefoxdriver: firefox on mac (8e05d38f-7d1e-415a-912c-8377d14ce9d8)
[29-05-2024 17:14:45.449 INFO com.nopcommerce.user.Level_30_Test_Not_Dependencies] - OS name = mac os x
[29-05-2024 17:14:45.449 INFO com.nopcommerce.user.Level_30_Test_Not_Dependencies] - Driver instance name = firefoxdriver: firefox on mac (ac3795fb-3d56-4f50-9f6e-88be61748d29)
[29-05-2024 17:14:54.334 INFO com.nopcommerce.user.Level_30_Test_Not_Dependencies] - OS name = mac os x
[29-05-2024 17:14:54.335 INFO com.nopcommerce.user.Level_30_Test_Not_Dependencies] - Driver instance name = firefoxdriver: firefox on mac (de6b3b78-c5b3-41a1-8927-1ea18badf98e)
