[2024-05-07 11:19:58,837 INFO com.nopcommerce.user.Level_16_Log] - Register_01 - Step 01: Verify Register link is displayed
[2024-05-07 11:19:59,051 INFO com.nopcommerce.user.Level_16_Log] - Register_01 - Step 02: Click to Register link
[2024-05-07 11:20:00,575 INFO com.nopcommerce.user.Level_16_Log] - Register_01 - Step 03: Verify Register link is displayed
[2024-05-07 11:20:00,664 INFO com.nopcommerce.user.Level_16_Log] - Register_01 - Step 04: Ente r to FirstName textbox
[2024-05-07 11:20:00,804 INFO com.nopcommerce.user.Level_16_Log] - Register_01 - Step 05: Enter to LastName textbox
[2024-05-07 11:20:00,895 INFO com.nopcommerce.user.Level_16_Log] - Register_01 - Step 06: Enter to Email textbox
[2024-05-07 11:20:00,952 INFO com.nopcommerce.user.Level_16_Log] - Register_01 - Step 07: Enter to Password textbox
[2024-05-07 11:20:00,997 INFO com.nopcommerce.user.Level_16_Log] - Register_01 - Step 08: Enter to Confirm Password textbox
[2024-05-07 11:20:01,034 INFO com.nopcommerce.user.Level_16_Log] - Register_01 - Step 09: Click to Register button
[2024-05-07 11:20:01,853 INFO com.nopcommerce.user.Level_16_Log] - Register_01 - Step 10: Verify Register Susscess Message is displayed
[2024-05-07 11:20:19,854 INFO com.nopcommerce.user.Level_16_Log] - Register_01 - Step 01: Verify Register link is displayed
[2024-05-07 11:20:20,005 INFO com.nopcommerce.user.Level_16_Log] - Register_01 - Step 02: Click to Register link
[2024-05-07 11:20:21,027 INFO com.nopcommerce.user.Level_16_Log] - Register_01 - Step 03: Verify Register link is displayed
[2024-05-07 11:20:21,118 INFO com.nopcommerce.user.Level_16_Log] - Register_01 - Step 04: Ente r to FirstName textbox
[2024-05-07 11:20:21,227 INFO com.nopcommerce.user.Level_16_Log] - Register_01 - Step 05: Enter to LastName textbox
[2024-05-07 11:20:21,332 INFO com.nopcommerce.user.Level_16_Log] - Register_01 - Step 06: Enter to Email textbox
[2024-05-07 11:20:21,381 INFO com.nopcommerce.user.Level_16_Log] - Register_01 - Step 07: Enter to Password textbox
[2024-05-07 11:20:21,428 INFO com.nopcommerce.user.Level_16_Log] - Register_01 - Step 08: Enter to Confirm Password textbox
[2024-05-07 11:20:21,473 INFO com.nopcommerce.user.Level_16_Log] - Register_01 - Step 09: Click to Register button
[2024-05-07 11:20:22,099 INFO com.nopcommerce.user.Level_16_Log] - Register_01 - Step 10: Verify Register Susscess Message is displayed
[2024-05-07 11:21:19,026 INFO com.nopcommerce.user.Level_16_Log] - Register_01 - Step 01: Verify Register link is displayed
[2024-05-07 11:21:19,080 INFO com.nopcommerce.user.Level_16_Log] - Register_01 - Step 02: Click to Register link
[2024-05-07 11:21:20,072 INFO com.nopcommerce.user.Level_16_Log] - Register_01 - Step 03: Verify Register link is displayed
[2024-05-07 11:21:20,175 INFO com.nopcommerce.user.Level_16_Log] - Register_01 - Step 04: Ente r to FirstName textbox
[2024-05-07 11:21:20,280 INFO com.nopcommerce.user.Level_16_Log] - Register_01 - Step 05: Enter to LastName textbox
[2024-05-07 11:21:20,333 INFO com.nopcommerce.user.Level_16_Log] - Register_01 - Step 06: Enter to Email textbox
[2024-05-07 11:21:20,385 INFO com.nopcommerce.user.Level_16_Log] - Register_01 - Step 07: Enter to Password textbox
[2024-05-07 11:21:20,488 INFO com.nopcommerce.user.Level_16_Log] - Register_01 - Step 08: Enter to Confirm Password textbox
[2024-05-07 11:21:20,538 INFO com.nopcommerce.user.Level_16_Log] - Register_01 - Step 09: Click to Register button
[2024-05-07 11:21:21,229 INFO com.nopcommerce.user.Level_16_Log] - Register_01 - Step 10: Verify Register Susscess Message is displayed
[2024-05-07 11:22:59,626 INFO com.nopcommerce.user.Level_16_Log] - Register_01 - Step 01: Verify Register link is displayed
[2024-05-07 11:22:59,779 INFO com.nopcommerce.user.Level_16_Log] - Register_01 - Step 02: Click to Register link
[2024-05-07 11:23:00,770 INFO com.nopcommerce.user.Level_16_Log] - Register_01 - Step 03: Verify Register link is displayed
[2024-05-07 11:23:00,869 INFO com.nopcommerce.user.Level_16_Log] - Register_01 - Step 04: Ente r to FirstName textbox
[2024-05-07 11:23:00,974 INFO com.nopcommerce.user.Level_16_Log] - Register_01 - Step 05: Enter to LastName textbox
[2024-05-07 11:23:01,075 INFO com.nopcommerce.user.Level_16_Log] - Register_01 - Step 06: Enter to Email textbox
[2024-05-07 11:23:01,127 INFO com.nopcommerce.user.Level_16_Log] - Register_01 - Step 07: Enter to Password textbox
[2024-05-07 11:23:01,175 INFO com.nopcommerce.user.Level_16_Log] - Register_01 - Step 08: Enter to Confirm Password textbox
[2024-05-07 11:23:01,218 INFO com.nopcommerce.user.Level_16_Log] - Register_01 - Step 09: Click to Register button
[2024-05-07 11:23:01,896 INFO com.nopcommerce.user.Level_16_Log] - Register_01 - Step 10: Verify Register Susscess Message is displayed
[2024-05-07 11:25:36,552 INFO com.nopcommerce.user.Level_16_Log] - Register_01 - Step 01: Verify Register link is displayed
[2024-05-07 11:25:36,608 INFO com.nopcommerce.user.Level_16_Log] - --------------FAILED--------------
[2024-05-07 11:25:36,608 INFO com.nopcommerce.user.Level_16_Log] - Register_01 - Step 02: Click to Register link
[2024-05-07 11:25:37,632 INFO com.nopcommerce.user.Level_16_Log] - Register_01 - Step 03: Verify Register link is displayed
[2024-05-07 11:25:37,723 INFO com.nopcommerce.user.Level_16_Log] - --------------FAILED--------------
[2024-05-07 11:25:37,723 INFO com.nopcommerce.user.Level_16_Log] - Register_01 - Step 04: Ente r to FirstName textbox
[2024-05-07 11:25:37,834 INFO com.nopcommerce.user.Level_16_Log] - Register_01 - Step 05: Enter to LastName textbox
[2024-05-07 11:25:37,939 INFO com.nopcommerce.user.Level_16_Log] - Register_01 - Step 06: Enter to Email textbox
[2024-05-07 11:25:38,002 INFO com.nopcommerce.user.Level_16_Log] - Register_01 - Step 07: Enter to Password textbox
[2024-05-07 11:25:38,046 INFO com.nopcommerce.user.Level_16_Log] - Register_01 - Step 08: Enter to Confirm Password textbox
[2024-05-07 11:25:38,092 INFO com.nopcommerce.user.Level_16_Log] - Register_01 - Step 09: Click to Register button
[2024-05-07 11:25:38,738 INFO com.nopcommerce.user.Level_16_Log] - Register_01 - Step 10: Verify Register Susscess Message is displayed
[2024-05-07 11:26:18,579 INFO com.nopcommerce.user.Level_16_Log] - Register_01 - Step 01: Verify Register link is displayed
[2024-05-07 11:26:18,638 INFO com.nopcommerce.user.Level_16_Log] - --------------FAILED--------------
[2024-05-07 11:26:18,638 INFO com.nopcommerce.user.Level_16_Log] - Register_01 - Step 02: Click to Register link
[2024-05-07 11:26:19,558 INFO com.nopcommerce.user.Level_16_Log] - Register_01 - Step 03: Verify Register link is displayed
[2024-05-07 11:26:19,586 INFO com.nopcommerce.user.Level_16_Log] - --------------PASSED--------------
[2024-05-07 11:26:19,586 INFO com.nopcommerce.user.Level_16_Log] - Register_01 - Step 04: Ente r to FirstName textbox
[2024-05-07 11:26:19,691 INFO com.nopcommerce.user.Level_16_Log] - Register_01 - Step 05: Enter to LastName textbox
[2024-05-07 11:26:19,802 INFO com.nopcommerce.user.Level_16_Log] - Register_01 - Step 06: Enter to Email textbox
[2024-05-07 11:26:19,864 INFO com.nopcommerce.user.Level_16_Log] - Register_01 - Step 07: Enter to Password textbox
[2024-05-07 11:26:19,962 INFO com.nopcommerce.user.Level_16_Log] - Register_01 - Step 08: Enter to Confirm Password textbox
[2024-05-07 11:26:20,010 INFO com.nopcommerce.user.Level_16_Log] - Register_01 - Step 09: Click to Register button
[2024-05-07 11:26:20,595 INFO com.nopcommerce.user.Level_16_Log] - Register_01 - Step 10: Verify Register Susscess Message is displayed
[2024-05-07 11:37:54,003 INFO com.nopcommerce.user.Level_16_Log] - Register_01 - Step 01: Verify Register link is displayed
[2024-05-07 11:37:54,137 INFO com.nopcommerce.user.Level_16_Log] - --------------FAILED--------------
[2024-05-07 11:37:54,138 INFO com.nopcommerce.user.Level_16_Log] - Register_01 - Step 02: Click to Register link
[2024-05-07 11:37:55,219 INFO com.nopcommerce.user.Level_16_Log] - Register_01 - Step 03: Verify Register link is displayed
[2024-05-07 11:37:55,310 INFO com.nopcommerce.user.Level_16_Log] - --------------PASSED--------------
[2024-05-07 11:37:55,311 INFO com.nopcommerce.user.Level_16_Log] - Register_01 - Step 04: Enter to FirstName textbox is John
[2024-05-07 11:37:55,421 INFO com.nopcommerce.user.Level_16_Log] - Register_01 - Step 05: Enter to LastName textbox is Wick
[2024-05-07 11:37:55,465 INFO com.nopcommerce.user.Level_16_Log] - Register_01 - Step 06: Enter to Email textbox is john748@gmail.com
[2024-05-07 11:37:55,518 INFO com.nopcommerce.user.Level_16_Log] - Register_01 - Step 07: Enter to Password textbox is 123123
[2024-05-07 11:37:55,565 INFO com.nopcommerce.user.Level_16_Log] - Register_01 - Step 08: Enter to Confirm Password textbox is 123123
[2024-05-07 11:37:55,661 INFO com.nopcommerce.user.Level_16_Log] - Register_01 - Step 09: Click to Register button
[2024-05-07 11:37:56,356 INFO com.nopcommerce.user.Level_16_Log] - Register_01 - Step 10: Verify Register Susscess Message is displayed
