[07-05-2024 14:23:58.699 INFO com.nopcommerce.user.Level_16_Log] - Register_01 - Step 01: Verify Register link is displayed
[07-05-2024 14:23:58.763 INFO com.nopcommerce.user.Level_16_Log] - --------------FAILED--------------
[07-05-2024 14:23:58.763 INFO com.nopcommerce.user.Level_16_Log] - Register_01 - Step 02: Click to Register link
[07-05-2024 14:23:59.884 INFO com.nopcommerce.user.Level_16_Log] - Register_01 - Step 03: Verify Register link is displayed
[07-05-2024 14:23:59.916 INFO com.nopcommerce.user.Level_16_Log] - --------------PASSED--------------
[07-05-2024 14:23:59.916 INFO com.nopcommerce.user.Level_16_Log] - Register_01 - Step 04: Enter to FirstName textbox is John
[07-05-2024 14:24:00.084 INFO com.nopcommerce.user.Level_16_Log] - Register_01 - Step 05: Enter to LastName textbox is Wick
[07-05-2024 14:24:00.169 INFO com.nopcommerce.user.Level_16_Log] - Register_01 - Step 06: Enter to Email textbox is john7099@gmail.com
[07-05-2024 14:24:00.295 INFO com.nopcommerce.user.Level_16_Log] - Register_01 - Step 07: Enter to Password textbox is 123123
[07-05-2024 14:24:00.338 INFO com.nopcommerce.user.Level_16_Log] - Register_01 - Step 08: Enter to Confirm Password textbox is 123123
[07-05-2024 14:24:00.382 INFO com.nopcommerce.user.Level_16_Log] - Register_01 - Step 09: Click to Register button
[07-05-2024 14:24:01.011 INFO com.nopcommerce.user.Level_16_Log] - Register_01 - Step 10: Verify Register Susscess Message is displayed
[07-05-2024 14:24:11.485 INFO com.nopcommerce.user.Level_16_Log] - Register_01 - Step 01: Verify Register link is displayed
[07-05-2024 14:24:21.767 INFO com.nopcommerce.user.Level_16_Log] - --------------FAILED--------------
[07-05-2024 14:24:21.768 INFO com.nopcommerce.user.Level_16_Log] - Register_01 - Step 02: Click to Register link
[07-05-2024 14:24:28.444 INFO com.nopcommerce.user.Level_16_Log] - Register_01 - Step 03: Verify Register link is displayed
[07-05-2024 14:24:30.577 INFO com.nopcommerce.user.Level_16_Log] - --------------PASSED--------------
[07-05-2024 14:24:30.578 INFO com.nopcommerce.user.Level_16_Log] - Register_01 - Step 04: Enter to FirstName textbox is John
[07-05-2024 14:24:32.902 INFO com.nopcommerce.user.Level_16_Log] - Register_01 - Step 05: Enter to LastName textbox is Wick
[07-05-2024 14:24:34.221 INFO com.nopcommerce.user.Level_16_Log] - Register_01 - Step 06: Enter to Email textbox is john7960@gmail.com
[07-05-2024 14:24:34.691 INFO com.nopcommerce.user.Level_16_Log] - Register_01 - Step 07: Enter to Password textbox is 123123
[07-05-2024 14:24:35.318 INFO com.nopcommerce.user.Level_16_Log] - Register_01 - Step 08: Enter to Confirm Password textbox is 123123
[07-05-2024 14:24:35.698 INFO com.nopcommerce.user.Level_16_Log] - Register_01 - Step 09: Click to Register button
[07-05-2024 14:24:41.078 INFO com.nopcommerce.user.Level_16_Log] - Register_01 - Step 10: Verify Register Susscess Message is displayed
